d:\visualprojects\jdengine\x64\debug\vc143.pdb
d:\visualprojects\jdengine\x64\debug\vc143.idb
d:\visualprojects\jdengine\x64\debug\vertexbuffer.obj
d:\visualprojects\jdengine\x64\debug\uniformbuffer.obj
d:\visualprojects\jdengine\x64\debug\texturemanager.obj
d:\visualprojects\jdengine\x64\debug\texture.obj
d:\visualprojects\jdengine\x64\debug\shadercomponent.obj
d:\visualprojects\jdengine\x64\debug\shader.obj
d:\visualprojects\jdengine\x64\debug\samplermanager.obj
d:\visualprojects\jdengine\x64\debug\sampler.obj
d:\visualprojects\jdengine\x64\debug\primitives.obj
d:\visualprojects\jdengine\x64\debug\model.obj
d:\visualprojects\jdengine\x64\debug\rendersystem.obj
d:\visualprojects\jdengine\x64\debug\playercontrolsystem.obj
d:\visualprojects\jdengine\x64\debug\physicssystem.obj
d:\visualprojects\jdengine\x64\debug\cameracontrolsystem.obj
d:\visualprojects\jdengine\x64\debug\assimpmodelsystem.obj
d:\visualprojects\jdengine\x64\debug\systemmanager.obj
d:\visualprojects\jdengine\x64\debug\jdengine.obj
d:\visualprojects\jdengine\x64\debug\eventmanager.obj
d:\visualprojects\jdengine\x64\debug\entitymanager.obj
d:\visualprojects\jdengine\x64\debug\display.obj
d:\visualprojects\jdengine\x64\debug\stb_image.obj
d:\visualprojects\jdengine\x64\debug\source.obj
d:\visualprojects\jdengine\x64\debug\scenemanager.obj
d:\visualprojects\jdengine\x64\debug\demo1.obj
d:\visualprojects\jdengine\x64\debug\glad.obj
d:\visualprojects\jdengine\x64\debug\gl_error.obj
d:\visualprojects\jdengine\x64\debug\collisionsdemo.obj
d:\visualprojects\jdengine\x64\debug\lightsystem.obj
d:\visualprojects\jdengine\x64\debug\skyboxsystem.obj
d:\visualprojects\jdengine\x64\debug\terrain.obj
d:\visualprojects\jdengine\x64\debug\materialsystem.obj
d:\visualprojects\jdengine\x64\debug\fogsystem.obj
d:\visualprojects\jdengine\x64\debug\physix.obj
d:\visualprojects\jdengine\x64\debug\manifold.obj
d:\visualprojects\jdengine\x64\debug\timer.obj
d:\visualprojects\jdengine\x64\debug\modelsystem2d.obj
d:\visualprojects\jdengine\x64\debug\jdgui.obj
d:\visualprojects\jdengine\x64\debug\imgui_widgets.obj
d:\visualprojects\jdengine\x64\debug\imgui_tables.obj
d:\visualprojects\jdengine\x64\debug\imgui_impl_opengl3.obj
d:\visualprojects\jdengine\x64\debug\imgui_impl_glfw.obj
d:\visualprojects\jdengine\x64\debug\imgui_draw.obj
d:\visualprojects\jdengine\x64\debug\imgui_demo.obj
d:\visualprojects\jdengine\x64\debug\imgui.obj
d:\visualprojects\jdengine\x64\debug\shadermanager.obj
d:\visualprojects\jdengine\x64\debug\interface.obj
d:\visualprojects\jdengine\x64\debug\quaternion.obj
d:\visualprojects\jdengine\x64\debug\jdengine.pdb
d:\visualprojects\jdengine\x64\debug\jdengine.tlog\cl.command.1.tlog
d:\visualprojects\jdengine\x64\debug\jdengine.tlog\cl.read.1.tlog
d:\visualprojects\jdengine\x64\debug\jdengine.tlog\cl.write.1.tlog
d:\visualprojects\jdengine\x64\debug\jdengine.tlog\link-cvtres.read.1.tlog
d:\visualprojects\jdengine\x64\debug\jdengine.tlog\link-cvtres.write.1.tlog
d:\visualprojects\jdengine\x64\debug\jdengine.tlog\link-rc.read.1.tlog
d:\visualprojects\jdengine\x64\debug\jdengine.tlog\link-rc.write.1.tlog
d:\visualprojects\jdengine\x64\debug\jdengine.tlog\link.12544-cvtres.read.1.tlog
d:\visualprojects\jdengine\x64\debug\jdengine.tlog\link.12544-cvtres.write.1.tlog
d:\visualprojects\jdengine\x64\debug\jdengine.tlog\link.12544-rc.read.1.tlog
d:\visualprojects\jdengine\x64\debug\jdengine.tlog\link.12544-rc.write.1.tlog
d:\visualprojects\jdengine\x64\debug\jdengine.tlog\link.12544.read.1.tlog
d:\visualprojects\jdengine\x64\debug\jdengine.tlog\link.12544.read.2.tlog
d:\visualprojects\jdengine\x64\debug\jdengine.tlog\link.12544.write.1.tlog
d:\visualprojects\jdengine\x64\debug\jdengine.tlog\link.command.1.tlog
d:\visualprojects\jdengine\x64\debug\jdengine.tlog\link.read.1.tlog
d:\visualprojects\jdengine\x64\debug\jdengine.tlog\link.read.2.tlog
d:\visualprojects\jdengine\x64\debug\jdengine.tlog\link.write.1.tlog
